<?xml version="1.0" encoding="UTF-8"?>
<!-- Generated by org.testng.reporters.JUnitReportReporter -->
<testsuite hostname="LAPTOP-SK1OSAKQ" failures="1" tests="5" name="question_No_5.TestNGAnswerWithTimeOut" time="30.398" errors="0" timestamp="5 Dec 2023 04:23:18 GMT">
  <testcase classname="question_No_5.TestNGAnswerWithTimeOut" name="verifyResources" time="5.182"/>
  <testcase classname="question_No_5.TestNGAnswerWithTimeOut" name="verifyBeyonRPA" time="6.975"/>
  <testcase classname="question_No_5.TestNGAnswerWithTimeOut" name="verifySolutions" time="7.902"/>
  <testcase classname="question_No_5.TestNGAnswerWithTimeOut" name="verifyCompany" time="5.320"/>
  <testcase classname="question_No_5.TestNGAnswerWithTimeOut" name="verifyPrdoucts" time="5.019">
    <failure message="Method org.testng.internal.TestNGMethod.verifyPrdoucts() didn&#039;t finish within the time-out 5000" type="org.testng.internal.thread.ThreadTimeoutException">
      <![CDATA[org.testng.internal.thread.ThreadTimeoutException: Method org.testng.internal.TestNGMethod.verifyPrdoucts() didn't finish within the time-out 5000
	at java.base@17.0.1/java.lang.StringBuilder.append(StringBuilder.java:87)
	at java.base@17.0.1/java.lang.AbstractStringBuilder.append(AbstractStringBuilder.java:622)
	at java.base@17.0.1/java.lang.StringBuilder.append(StringBuilder.java:205)
	at java.base@17.0.1/java.lang.StringBuilder.append(StringBuilder.java:87)
	at java.base@17.0.1/java.util.Formatter$FormatSpecifier.appendJustified(Formatter.java:3093)
	at java.base@17.0.1/java.util.Formatter$FormatSpecifier.print(Formatter.java:3083)
	at java.base@17.0.1/java.util.Formatter$FormatSpecifier.printString(Formatter.java:3056)
	at java.base@17.0.1/java.util.Formatter$FormatSpecifier.print(Formatter.java:2933)
	at java.base@17.0.1/java.util.Formatter.format(Formatter.java:2689)
	at java.base@17.0.1/java.util.Formatter.format(Formatter.java:2625)
	at java.base@17.0.1/java.lang.String.format(String.java:4140)
	at app//org.openqa.selenium.remote.http.jdk.JdkHttpClient.execute0(JdkHttpClient.java:456)
	at app//org.openqa.selenium.remote.http.jdk.JdkHttpClient$$Lambda$119/0x0000000800d8f320.execute(Unknown Source)
	at app//org.openqa.selenium.remote.http.AddSeleniumUserAgent.lambda$apply$0(AddSeleniumUserAgent.java:42)
	at app//org.openqa.selenium.remote.http.AddSeleniumUserAgent$$Lambda$296/0x0000000800e1fa10.execute(Unknown Source)
	at app//org.openqa.selenium.remote.http.Filter.lambda$andFinally$1(Filter.java:55)
	at app//org.openqa.selenium.remote.http.Filter$$Lambda$120/0x0000000800d8f550.execute(Unknown Source)
	at app//org.openqa.selenium.remote.http.jdk.JdkHttpClient.execute(JdkHttpClient.java:366)
	at app//org.openqa.selenium.remote.HttpCommandExecutor.execute(HttpCommandExecutor.java:188)
	at app//org.openqa.selenium.remote.service.DriverCommandExecutor.invokeExecute(DriverCommandExecutor.java:200)
	at app//org.openqa.selenium.remote.service.DriverCommandExecutor.execute(DriverCommandExecutor.java:175)
	at app//org.openqa.selenium.remote.RemoteWebDriver.execute(RemoteWebDriver.java:607)
	at app//org.openqa.selenium.remote.RemoteWebDriver.execute(RemoteWebDriver.java:680)
	at app//org.openqa.selenium.remote.RemoteWebDriver.execute(RemoteWebDriver.java:684)
	at app//org.openqa.selenium.remote.RemoteWebDriver$RemoteNavigation.back(RemoteWebDriver.java:1142)
	at app//question_No_5.TestNGAnswerWithTimeOut.verifyPrdoucts(TestNGAnswerWithTimeOut.java:41)
	at java.base@17.0.1/jdk.internal.reflect.NativeMethodAccessorImpl.invoke0(Native Method)
	at java.base@17.0.1/jdk.internal.reflect.NativeMethodAccessorImpl.invoke(NativeMethodAccessorImpl.java:77)
	at java.base@17.0.1/jdk.internal.reflect.DelegatingMethodAccessorImpl.invoke(DelegatingMethodAccessorImpl.java:43)
	at java.base@17.0.1/java.lang.reflect.Method.invoke(Method.java:568)
	at app//org.testng.internal.MethodInvocationHelper.invokeMethod(MethodInvocationHelper.java:80)
	at app//org.testng.internal.InvokeMethodRunnable.runOne(InvokeMethodRunnable.java:46)
	at app//org.testng.internal.InvokeMethodRunnable.run(InvokeMethodRunnable.java:37)
	at java.base@17.0.1/java.util.concurrent.Executors$RunnableAdapter.call(Executors.java:539)
	at java.base@17.0.1/java.util.concurrent.FutureTask.run(FutureTask.java:264)
	at java.base@17.0.1/java.util.concurrent.ThreadPoolExecutor.runWorker(ThreadPoolExecutor.java:1136)
	at java.base@17.0.1/java.util.concurrent.ThreadPoolExecutor$Worker.run(ThreadPoolExecutor.java:635)
	at java.base@17.0.1/java.lang.Thread.run(Thread.java:833)
]]>
    </failure>
  </testcase> <!-- verifyPrdoucts -->
</testsuite> <!-- question_No_5.TestNGAnswerWithTimeOut -->
